build/app/outputs/mapping/release/mapping.txt
# compiler: R8
# compiler_version: 1.5.64
# min_api: 16
# pg_map_id: b9820ab
...
com.tekartik.sqflite.operation.ExecuteOperation -> d.b.a.f.d:
    com.tekartik.sqflite.SqlCommand command -> a
    java.lang.Boolean inTransaction -> c
    io.flutter.plugin.common.MethodChannel$Result result -> b
    void error(java.lang.String,java.lang.String,java.lang.Object) -> a
    java.lang.Object getArgument(java.lang.String) -> a
    com.tekartik.sqflite.SqlCommand getSqlCommand() -> a
    void success(java.lang.Object) -> a
    java.lang.Boolean getInTransaction() -> c
com.tekartik.sqflite.operation.MethodCallOperation -> d.b.a.f.e:
    io.flutter.plugin.common.MethodCall methodCall -> a
    com.tekartik.sqflite.operation.MethodCallOperation$Result result -> b
    java.lang.Object getArgument(java.lang.String) -> a
    com.tekartik.sqflite.operation.OperationResult getOperationResult() -> e
com.tekartik.sqflite.operation.MethodCallOperation$Result -> d.b.a.f.e$a:
    io.flutter.plugin.common.MethodChannel$Result result -> a
    void error(java.lang.String,java.lang.String,java.lang.Object) -> a
    void success(java.lang.Object) -> a
com.tekartik.sqflite.operation.Operation -> d.b.a.f.f:
    java.lang.Object getArgument(java.lang.String) -> a
    com.tekartik.sqflite.SqlCommand getSqlCommand() -> a
    boolean getNoResult() -> b
    java.lang.Boolean getInTransaction() -> c
com.tekartik.sqflite.operation.OperationResult -> d.b.a.f.g:
    void error(java.lang.String,java.lang.String,java.lang.Object) -> a
    void success(java.lang.Object) -> a
com.tekartik.sqflite.operation.SqlErrorInfo -> d.b.a.f.h:
    java.util.Map getMap(com.tekartik.sqflite.operation.Operation) -> a
io.flutter.FlutterInjector -> e.a.a:
    io.flutter.embedding.engine.FlutterJNI$Factory flutterJniFactory -> c
    io.flutter.embedding.engine.loader.FlutterLoader flutterLoader -> a
    io.flutter.embedding.engine.deferredcomponents.DeferredComponentManager deferredComponentManager -> b
    io.flutter.FlutterInjector instance -> d
    io.flutter.embedding.engine.deferredcomponents.DeferredComponentManager deferredComponentManager() -> a
    io.flutter.embedding.engine.loader.FlutterLoader flutterLoader() -> b
    io.flutter.embedding.engine.FlutterJNI$Factory getFlutterJNIFactory() -> c
    io.flutter.FlutterInjector instance() -> d
io.flutter.FlutterInjector$1 -> e.a.a$a:
io.flutter.FlutterInjector$Builder -> e.a.a$b:
    io.flutter.embedding.engine.FlutterJNI$Factory flutterJniFactory -> c
    io.flutter.embedding.engine.loader.FlutterLoader flutterLoader -> a
    io.flutter.embedding.engine.deferredcomponents.DeferredComponentManager deferredComponentManager -> b
    io.flutter.FlutterInjector build() -> a
    void fillDefaults() -> b
io.flutter.Log -> e.a.b:
    void d(java.lang.String,java.lang.String) -> a
    void e(java.lang.String,java.lang.String,java.lang.Throwable) -> a
    void e(java.lang.String,java.lang.String) -> b
    void w(java.lang.String,java.lang.String,java.lang.Throwable) -> b
    void i(java.lang.String,java.lang.String) -> c
    void v(java.lang.String,java.lang.String) -> d
    void w(java.lang.String,java.lang.String) -> e
io.flutter.embedding.android.-$$Lambda$KeyChannelResponder$JpfmDdKZzCsQFem066be6lLfZqM -> io.flutter.embedding.android.a:
    io.flutter.embedding.android.KeyboardManager$Responder$OnKeyEventHandledCallback f$0 -> a
    void onFrameworkResponse(boolean) -> a